2026-05-14 10:56:44 India Standard Time - BalanceWheel - INFO - [__init__:857] - ================================================================================
2026-05-14 10:56:44 India Standard Time - BalanceWheel - INFO - [__init__:858] - BalanceWheel Bot Initialized - BalanceWheel v1.0.0
2026-05-14 10:56:44 India Standard Time - BalanceWheel - INFO - [__init__:859] - Dry Run Mode: False
2026-05-14 10:56:44 India Standard Time - BalanceWheel - INFO - [__init__:862] - Repository configured from env: https://github.com/nir351988/Balancewheel.git
2026-05-14 10:56:44 India Standard Time - BalanceWheel - INFO - [__init__:864] - GitHub token loaded from environment (hidden)
2026-05-14 10:56:44 India Standard Time - BalanceWheel - INFO - [__init__:865] - ================================================================================
2026-05-14 10:56:44 India Standard Time - BalanceWheel - INFO - [startup:949] - Starting up BalanceWheel bot...
2026-05-14 10:56:46 India Standard Time - BalanceWheel - INFO - [startup:956] - Authentication successful: Fresh authentication successful
2026-05-14 10:56:46 India Standard Time - BalanceWheel - INFO - [_init_db:151] - Database initialized: data/balance_wheel.db
2026-05-14 10:56:46 India Standard Time - BalanceWheel - INFO - [startup:977] - Bot startup completed successfully!
2026-05-14 10:56:46 India Standard Time - BalanceWheel - INFO - [run_cycle:991] - --------------------------------------------------------------------------------
2026-05-14 10:56:46 India Standard Time - BalanceWheel - INFO - [run_cycle:992] - Starting trading cycle at 2026-05-14 10:56:46.513441
2026-05-14 10:56:48 India Standard Time - BalanceWheel - WARNING - [get_portfolio_position:436] - No holdings found for ITC
2026-05-14 10:56:48 India Standard Time - BalanceWheel - WARNING - [run_cycle:1007] - Skipping ITC: missing market data or no current holding
2026-05-14 10:56:50 India Standard Time - BalanceWheel - WARNING - [get_portfolio_position:436] - No holdings found for TCS
2026-05-14 10:56:50 India Standard Time - BalanceWheel - WARNING - [run_cycle:1007] - Skipping TCS: missing market data or no current holding
2026-05-14 10:56:52 India Standard Time - BalanceWheel - INFO - [run_cycle:1019] - [BUY] HCLTECH: Price dip 25.67% >= 15%. Buy 35 shares to move avg toward 5% buffer above LTP.
2026-05-14 10:56:55 India Standard Time - BalanceWheel - ERROR - [get_nifty_50_change_percent:576] - Error fetching Nifty 50 data: 429 Client Error: Too Many Requests for url: https://query1.finance.yahoo.com/v7/finance/quote?symbols=%5ENSEI
2026-05-14 10:56:56 India Standard Time - BalanceWheel - ERROR - [execute_buy_order:839] - Order placement failed for HCLTECH: No response from broker for HCLTECH - Order rejected or error occurred
2026-05-14 10:56:56 India Standard Time - BalanceWheel - INFO - [run_cycle:1031] - Execution result: No response from broker for HCLTECH - Order rejected or error occurred
2026-05-14 10:56:58 India Standard Time - BalanceWheel - WARNING - [get_portfolio_position:436] - No holdings found for POWERGRID
2026-05-14 10:56:58 India Standard Time - BalanceWheel - WARNING - [run_cycle:1007] - Skipping POWERGRID: missing market data or no current holding
2026-05-14 10:57:00 India Standard Time - BalanceWheel - WARNING - [get_portfolio_position:436] - No holdings found for COALINDIA
2026-05-14 10:57:00 India Standard Time - BalanceWheel - WARNING - [run_cycle:1007] - Skipping COALINDIA: missing market data or no current holding
2026-05-14 10:57:02 India Standard Time - BalanceWheel - WARNING - [get_portfolio_position:436] - No holdings found for RECLTD
2026-05-14 10:57:02 India Standard Time - BalanceWheel - WARNING - [run_cycle:1007] - Skipping RECLTD: missing market data or no current holding
2026-05-14 10:57:03 India Standard Time - BalanceWheel - WARNING - [get_portfolio_position:436] - No holdings found for PFC
2026-05-14 10:57:03 India Standard Time - BalanceWheel - WARNING - [run_cycle:1007] - Skipping PFC: missing market data or no current holding
2026-05-14 10:57:05 India Standard Time - BalanceWheel - WARNING - [get_portfolio_position:436] - No holdings found for ASIANPAINT
2026-05-14 10:57:05 India Standard Time - BalanceWheel - WARNING - [run_cycle:1007] - Skipping ASIANPAINT: missing market data or no current holding
2026-05-14 10:57:07 India Standard Time - BalanceWheel - WARNING - [get_portfolio_position:436] - No holdings found for LT
2026-05-14 10:57:07 India Standard Time - BalanceWheel - WARNING - [run_cycle:1007] - Skipping LT: missing market data or no current holding
2026-05-14 10:57:09 India Standard Time - BalanceWheel - INFO - [run_cycle:1019] - [BUY] HDFCBANK: Price dip 19.76% >= 15%. Buy 27 shares to move avg toward 5% buffer above LTP.
2026-05-14 10:57:11 India Standard Time - BalanceWheel - ERROR - [get_nifty_50_change_percent:576] - Error fetching Nifty 50 data: 429 Client Error: Too Many Requests for url: https://query1.finance.yahoo.com/v7/finance/quote?symbols=%5ENSEI
2026-05-14 10:57:12 India Standard Time - BalanceWheel - ERROR - [execute_buy_order:839] - Order placement failed for HDFCBANK: No response from broker for HDFCBANK - Order rejected or error occurred
2026-05-14 10:57:12 India Standard Time - BalanceWheel - INFO - [run_cycle:1031] - Execution result: No response from broker for HDFCBANK - Order rejected or error occurred
2026-05-14 10:57:14 India Standard Time - BalanceWheel - WARNING - [get_portfolio_position:436] - No holdings found for TITAN
2026-05-14 10:57:14 India Standard Time - BalanceWheel - WARNING - [run_cycle:1007] - Skipping TITAN: missing market data or no current holding
2026-05-14 10:57:16 India Standard Time - BalanceWheel - WARNING - [get_portfolio_position:436] - No holdings found for BAJAJ-AUTO
2026-05-14 10:57:16 India Standard Time - BalanceWheel - WARNING - [run_cycle:1007] - Skipping BAJAJ-AUTO: missing market data or no current holding
2026-05-14 10:57:18 India Standard Time - BalanceWheel - WARNING - [get_portfolio_position:436] - No holdings found for RELIANCE
2026-05-14 10:57:18 India Standard Time - BalanceWheel - WARNING - [run_cycle:1007] - Skipping RELIANCE: missing market data or no current holding
2026-05-14 10:57:18 India Standard Time - BalanceWheel - INFO - [run_cycle:1038] - Trading cycle completed. Processed 2 stocks.
2026-05-14 10:57:18 India Standard Time - BalanceWheel - INFO - [run_cycle:1039] - --------------------------------------------------------------------------------
2026-05-14 10:57:18 India Standard Time - BalanceWheel - INFO - [shutdown:1097] - ================================================================================
2026-05-14 10:57:18 India Standard Time - BalanceWheel - INFO - [shutdown:1098] - BalanceWheel Bot shutting down: Trading cycle completed
2026-05-14 10:57:18 India Standard Time - BalanceWheel - INFO - [shutdown:1099] - ================================================================================
2026-05-14 10:57:18 India Standard Time - BalanceWheel - INFO - [_push_logs_to_github:1087] - Git command successful: git config
